2020-08-06T16:20:09.8834325-04:00 [INF] (Microsoft.Hosting.Lifetime) Now listening on: "https://localhost:5001"
2020-08-06T16:20:09.9127094-04:00 [INF] (Microsoft.Hosting.Lifetime) Now listening on: "http://localhost:5000"
2020-08-06T16:20:09.9129786-04:00 [INF] (Microsoft.Hosting.Lifetime) Application started. Press Ctrl+C to shut down.
2020-08-06T16:20:09.9130597-04:00 [INF] (Microsoft.Hosting.Lifetime) Hosting environment: "Development"
2020-08-06T16:20:09.9131373-04:00 [INF] (Microsoft.Hosting.Lifetime) Content root path: "C:\Source\TechStack\eCommerceSite\ApiGatewayService"
2020-08-06T16:20:22.0977975-04:00 [INF] (Microsoft.Hosting.Lifetime) Application is shutting down...
2020-08-06T16:21:06.7272388-04:00 [INF] (Microsoft.Hosting.Lifetime) Now listening on: "https://localhost:5001"
2020-08-06T16:21:06.7735043-04:00 [INF] (Microsoft.Hosting.Lifetime) Now listening on: "http://localhost:5000"
2020-08-06T16:21:06.7770242-04:00 [INF] (Microsoft.Hosting.Lifetime) Application started. Press Ctrl+C to shut down.
2020-08-06T16:21:06.7785315-04:00 [INF] (Microsoft.Hosting.Lifetime) Hosting environment: "Development"
2020-08-06T16:21:06.7800721-04:00 [INF] (Microsoft.Hosting.Lifetime) Content root path: "C:\Source\TechStack\eCommerceSite\ApiGatewayService"
2020-08-06T16:21:15.6024889-04:00 [INF] (Microsoft.Hosting.Lifetime) Application is shutting down...
2020-08-06T21:23:00.6214207-04:00 [INF] (Microsoft.Hosting.Lifetime) Now listening on: "https://localhost:5001"
2020-08-06T21:23:00.6674701-04:00 [INF] (Microsoft.Hosting.Lifetime) Now listening on: "http://localhost:5000"
2020-08-06T21:23:00.6707646-04:00 [INF] (Microsoft.Hosting.Lifetime) Application started. Press Ctrl+C to shut down.
2020-08-06T21:23:00.6754672-04:00 [INF] (Microsoft.Hosting.Lifetime) Hosting environment: "Development"
2020-08-06T21:23:00.6779632-04:00 [INF] (Microsoft.Hosting.Lifetime) Content root path: "C:\Source\TechStack\eCommerceSite\ApiGatewayService"
2020-08-06T21:25:01.8294838-04:00 [INF] (Serilog.AspNetCore.RequestLoggingMiddleware) HTTP "GET" "/gateway/ps/api/ProductBrands/brands" responded 307 in 6.1551 ms
2020-08-06T21:25:02.0061790-04:00 [WRN] (Ocelot.DownstreamRouteFinder.Middleware.DownstreamRouteFinderMiddleware) requestId: 0HM1QE2QDDHQC:00000001, previousRequestId: no previous request id, message: DownstreamRouteFinderMiddleware setting pipeline errors. IDownstreamRouteFinder returned Error Code: UnableToFindDownstreamRouteError Message: Failed to match Route configuration for upstream path: /gateway/ps/api/ProductBrands/brands, verb: GET.
2020-08-06T21:25:02.0094143-04:00 [WRN] (Ocelot.Responder.Middleware.ResponderMiddleware) requestId: 0HM1QE2QDDHQC:00000001, previousRequestId: no previous request id, message: Error Code: UnableToFindDownstreamRouteError Message: Failed to match Route configuration for upstream path: /gateway/ps/api/ProductBrands/brands, verb: GET. errors found in ResponderMiddleware. Setting error response for request path:/gateway/ps/api/ProductBrands/brands, request method: GET
2020-08-06T21:25:02.0135491-04:00 [INF] (Serilog.AspNetCore.RequestLoggingMiddleware) HTTP "GET" "/gateway/ps/api/ProductBrands/brands" responded 404 in 51.8951 ms
2020-08-06T21:26:19.6543508-04:00 [INF] (Serilog.AspNetCore.RequestLoggingMiddleware) HTTP "GET" "/gateway/ps/ProductBrands/brands" responded 307 in 0.4534 ms
2020-08-06T21:26:19.6802886-04:00 [WRN] (Ocelot.DownstreamRouteFinder.Middleware.DownstreamRouteFinderMiddleware) requestId: 0HM1QE2QDDHQC:00000002, previousRequestId: no previous request id, message: DownstreamRouteFinderMiddleware setting pipeline errors. IDownstreamRouteFinder returned Error Code: UnableToFindDownstreamRouteError Message: Failed to match Route configuration for upstream path: /gateway/ps/ProductBrands/brands, verb: GET.
2020-08-06T21:26:19.7006691-04:00 [WRN] (Ocelot.Responder.Middleware.ResponderMiddleware) requestId: 0HM1QE2QDDHQC:00000002, previousRequestId: no previous request id, message: Error Code: UnableToFindDownstreamRouteError Message: Failed to match Route configuration for upstream path: /gateway/ps/ProductBrands/brands, verb: GET. errors found in ResponderMiddleware. Setting error response for request path:/gateway/ps/ProductBrands/brands, request method: GET
2020-08-06T21:26:19.7033504-04:00 [INF] (Serilog.AspNetCore.RequestLoggingMiddleware) HTTP "GET" "/gateway/ps/ProductBrands/brands" responded 404 in 25.4298 ms
2020-08-06T21:27:04.6016060-04:00 [INF] (Serilog.AspNetCore.RequestLoggingMiddleware) HTTP "GET" "/gateway/ps/api/ProductBrands/brands" responded 307 in 0.3510 ms
2020-08-06T21:27:04.6207872-04:00 [WRN] (Ocelot.DownstreamRouteFinder.Middleware.DownstreamRouteFinderMiddleware) requestId: 0HM1QE2QDDHQC:00000003, previousRequestId: no previous request id, message: DownstreamRouteFinderMiddleware setting pipeline errors. IDownstreamRouteFinder returned Error Code: UnableToFindDownstreamRouteError Message: Failed to match Route configuration for upstream path: /gateway/ps/api/ProductBrands/brands, verb: GET.
2020-08-06T21:27:04.6496886-04:00 [WRN] (Ocelot.Responder.Middleware.ResponderMiddleware) requestId: 0HM1QE2QDDHQC:00000003, previousRequestId: no previous request id, message: Error Code: UnableToFindDownstreamRouteError Message: Failed to match Route configuration for upstream path: /gateway/ps/api/ProductBrands/brands, verb: GET. errors found in ResponderMiddleware. Setting error response for request path:/gateway/ps/api/ProductBrands/brands, request method: GET
2020-08-06T21:27:04.6524920-04:00 [INF] (Serilog.AspNetCore.RequestLoggingMiddleware) HTTP "GET" "/gateway/ps/api/ProductBrands/brands" responded 404 in 32.5365 ms
2020-08-06T21:27:25.7387160-04:00 [INF] (Serilog.AspNetCore.RequestLoggingMiddleware) HTTP "GET" "/gateway/ps/api/ProductBrands/brands" responded 307 in 0.2244 ms
2020-08-06T21:27:25.7505377-04:00 [WRN] (Ocelot.DownstreamRouteFinder.Middleware.DownstreamRouteFinderMiddleware) requestId: 0HM1QE2QDDHQC:00000004, previousRequestId: no previous request id, message: DownstreamRouteFinderMiddleware setting pipeline errors. IDownstreamRouteFinder returned Error Code: UnableToFindDownstreamRouteError Message: Failed to match Route configuration for upstream path: /gateway/ps/api/ProductBrands/brands, verb: GET.
2020-08-06T21:27:25.7521108-04:00 [WRN] (Ocelot.Responder.Middleware.ResponderMiddleware) requestId: 0HM1QE2QDDHQC:00000004, previousRequestId: no previous request id, message: Error Code: UnableToFindDownstreamRouteError Message: Failed to match Route configuration for upstream path: /gateway/ps/api/ProductBrands/brands, verb: GET. errors found in ResponderMiddleware. Setting error response for request path:/gateway/ps/api/ProductBrands/brands, request method: GET
2020-08-06T21:27:25.7539321-04:00 [INF] (Serilog.AspNetCore.RequestLoggingMiddleware) HTTP "GET" "/gateway/ps/api/ProductBrands/brands" responded 404 in 3.8381 ms
2020-08-06T21:29:00.6981485-04:00 [INF] (Serilog.AspNetCore.RequestLoggingMiddleware) HTTP "GET" "/gateway/ps/api/ProductBrands/brands" responded 307 in 0.2007 ms
2020-08-06T21:29:00.7135583-04:00 [WRN] (Ocelot.DownstreamRouteFinder.Middleware.DownstreamRouteFinderMiddleware) requestId: 0HM1QE2QDDHQC:00000005, previousRequestId: no previous request id, message: DownstreamRouteFinderMiddleware setting pipeline errors. IDownstreamRouteFinder returned Error Code: UnableToFindDownstreamRouteError Message: Failed to match Route configuration for upstream path: /gateway/ps/api/ProductBrands/brands, verb: GET.
2020-08-06T21:29:00.7298925-04:00 [WRN] (Ocelot.Responder.Middleware.ResponderMiddleware) requestId: 0HM1QE2QDDHQC:00000005, previousRequestId: no previous request id, message: Error Code: UnableToFindDownstreamRouteError Message: Failed to match Route configuration for upstream path: /gateway/ps/api/ProductBrands/brands, verb: GET. errors found in ResponderMiddleware. Setting error response for request path:/gateway/ps/api/ProductBrands/brands, request method: GET
2020-08-06T21:29:00.7331109-04:00 [INF] (Serilog.AspNetCore.RequestLoggingMiddleware) HTTP "GET" "/gateway/ps/api/ProductBrands/brands" responded 404 in 20.3317 ms
2020-08-06T21:34:45.7079442-04:00 [INF] (Serilog.AspNetCore.RequestLoggingMiddleware) HTTP "GET" "/api/ProductBrands/brands" responded 307 in 0.4743 ms
2020-08-06T21:34:45.7274662-04:00 [WRN] (Ocelot.DownstreamRouteFinder.Middleware.DownstreamRouteFinderMiddleware) requestId: 0HM1QE2QDDHQI:00000001, previousRequestId: no previous request id, message: DownstreamRouteFinderMiddleware setting pipeline errors. IDownstreamRouteFinder returned Error Code: UnableToFindDownstreamRouteError Message: Failed to match Route configuration for upstream path: /api/ProductBrands/brands, verb: GET.
2020-08-06T21:34:45.7533940-04:00 [WRN] (Ocelot.Responder.Middleware.ResponderMiddleware) requestId: 0HM1QE2QDDHQI:00000001, previousRequestId: no previous request id, message: Error Code: UnableToFindDownstreamRouteError Message: Failed to match Route configuration for upstream path: /api/ProductBrands/brands, verb: GET. errors found in ResponderMiddleware. Setting error response for request path:/api/ProductBrands/brands, request method: GET
2020-08-06T21:34:45.7557189-04:00 [INF] (Serilog.AspNetCore.RequestLoggingMiddleware) HTTP "GET" "/api/ProductBrands/brands" responded 404 in 28.8923 ms
2020-08-06T21:35:51.3488108-04:00 [INF] (Serilog.AspNetCore.RequestLoggingMiddleware) HTTP "GET" "/gateway/ps/api/ProductBrands/brands" responded 307 in 0.3575 ms
2020-08-06T21:35:51.3594259-04:00 [WRN] (Ocelot.DownstreamRouteFinder.Middleware.DownstreamRouteFinderMiddleware) requestId: 0HM1QE2QDDHQI:00000002, previousRequestId: no previous request id, message: DownstreamRouteFinderMiddleware setting pipeline errors. IDownstreamRouteFinder returned Error Code: UnableToFindDownstreamRouteError Message: Failed to match Route configuration for upstream path: /gateway/ps/api/ProductBrands/brands, verb: GET.
2020-08-06T21:35:51.3628542-04:00 [WRN] (Ocelot.Responder.Middleware.ResponderMiddleware) requestId: 0HM1QE2QDDHQI:00000002, previousRequestId: no previous request id, message: Error Code: UnableToFindDownstreamRouteError Message: Failed to match Route configuration for upstream path: /gateway/ps/api/ProductBrands/brands, verb: GET. errors found in ResponderMiddleware. Setting error response for request path:/gateway/ps/api/ProductBrands/brands, request method: GET
2020-08-06T21:35:51.3774660-04:00 [INF] (Serilog.AspNetCore.RequestLoggingMiddleware) HTTP "GET" "/gateway/ps/api/ProductBrands/brands" responded 404 in 19.5662 ms
2020-08-06T21:39:05.2623910-04:00 [INF] (Serilog.AspNetCore.RequestLoggingMiddleware) HTTP "GET" "/gateway/ps/api/ProductBrands/brands" responded 307 in 0.2179 ms
2020-08-06T21:39:05.2799908-04:00 [WRN] (Ocelot.DownstreamRouteFinder.Middleware.DownstreamRouteFinderMiddleware) requestId: 0HM1QE2QDDHQM:00000001, previousRequestId: no previous request id, message: DownstreamRouteFinderMiddleware setting pipeline errors. IDownstreamRouteFinder returned Error Code: UnableToFindDownstreamRouteError Message: Failed to match Route configuration for upstream path: /gateway/ps/api/ProductBrands/brands, verb: GET.
2020-08-06T21:39:05.2818846-04:00 [WRN] (Ocelot.Responder.Middleware.ResponderMiddleware) requestId: 0HM1QE2QDDHQM:00000001, previousRequestId: no previous request id, message: Error Code: UnableToFindDownstreamRouteError Message: Failed to match Route configuration for upstream path: /gateway/ps/api/ProductBrands/brands, verb: GET. errors found in ResponderMiddleware. Setting error response for request path:/gateway/ps/api/ProductBrands/brands, request method: GET
2020-08-06T21:39:05.2838148-04:00 [INF] (Serilog.AspNetCore.RequestLoggingMiddleware) HTTP "GET" "/gateway/ps/api/ProductBrands/brands" responded 404 in 4.6074 ms
2020-08-06T21:45:57.4390284-04:00 [INF] (Serilog.AspNetCore.RequestLoggingMiddleware) HTTP "GET" "/gateway/ps/ProductBrands/brands" responded 307 in 0.1742 ms
2020-08-06T21:45:57.4835849-04:00 [WRN] (Ocelot.DownstreamRouteFinder.Middleware.DownstreamRouteFinderMiddleware) requestId: 0HM1QE2QDDHQQ:00000001, previousRequestId: no previous request id, message: DownstreamRouteFinderMiddleware setting pipeline errors. IDownstreamRouteFinder returned Error Code: UnableToFindDownstreamRouteError Message: Failed to match Route configuration for upstream path: /gateway/ps/ProductBrands/brands, verb: GET.
2020-08-06T21:45:57.5065005-04:00 [WRN] (Ocelot.Responder.Middleware.ResponderMiddleware) requestId: 0HM1QE2QDDHQQ:00000001, previousRequestId: no previous request id, message: Error Code: UnableToFindDownstreamRouteError Message: Failed to match Route configuration for upstream path: /gateway/ps/ProductBrands/brands, verb: GET. errors found in ResponderMiddleware. Setting error response for request path:/gateway/ps/ProductBrands/brands, request method: GET
2020-08-06T21:45:57.5092408-04:00 [INF] (Serilog.AspNetCore.RequestLoggingMiddleware) HTTP "GET" "/gateway/ps/ProductBrands/brands" responded 404 in 26.4362 ms
2020-08-06T21:46:13.9536473-04:00 [INF] (Serilog.AspNetCore.RequestLoggingMiddleware) HTTP "GET" "/gateway/ps/brands" responded 307 in 0.1573 ms
2020-08-06T21:46:13.9619041-04:00 [WRN] (Ocelot.DownstreamRouteFinder.Middleware.DownstreamRouteFinderMiddleware) requestId: 0HM1QE2QDDHQQ:00000002, previousRequestId: no previous request id, message: DownstreamRouteFinderMiddleware setting pipeline errors. IDownstreamRouteFinder returned Error Code: UnableToFindDownstreamRouteError Message: Failed to match Route configuration for upstream path: /gateway/ps/brands, verb: GET.
2020-08-06T21:46:13.9638710-04:00 [WRN] (Ocelot.Responder.Middleware.ResponderMiddleware) requestId: 0HM1QE2QDDHQQ:00000002, previousRequestId: no previous request id, message: Error Code: UnableToFindDownstreamRouteError Message: Failed to match Route configuration for upstream path: /gateway/ps/brands, verb: GET. errors found in ResponderMiddleware. Setting error response for request path:/gateway/ps/brands, request method: GET
2020-08-06T21:46:13.9889976-04:00 [INF] (Serilog.AspNetCore.RequestLoggingMiddleware) HTTP "GET" "/gateway/ps/brands" responded 404 in 27.4366 ms
2020-08-06T21:51:49.3373668-04:00 [INF] (Serilog.AspNetCore.RequestLoggingMiddleware) HTTP "GET" "/gateway/ps/api/ProductBrands/1" responded 307 in 0.1940 ms
2020-08-06T21:51:49.3809646-04:00 [WRN] (Ocelot.DownstreamRouteFinder.Middleware.DownstreamRouteFinderMiddleware) requestId: 0HM1QE2QDDHQU:00000001, previousRequestId: no previous request id, message: DownstreamRouteFinderMiddleware setting pipeline errors. IDownstreamRouteFinder returned Error Code: UnableToFindDownstreamRouteError Message: Failed to match Route configuration for upstream path: /gateway/ps/api/ProductBrands/1, verb: GET.
2020-08-06T21:51:49.3835283-04:00 [WRN] (Ocelot.Responder.Middleware.ResponderMiddleware) requestId: 0HM1QE2QDDHQU:00000001, previousRequestId: no previous request id, message: Error Code: UnableToFindDownstreamRouteError Message: Failed to match Route configuration for upstream path: /gateway/ps/api/ProductBrands/1, verb: GET. errors found in ResponderMiddleware. Setting error response for request path:/gateway/ps/api/ProductBrands/1, request method: GET
2020-08-06T21:51:49.4121818-04:00 [INF] (Serilog.AspNetCore.RequestLoggingMiddleware) HTTP "GET" "/gateway/ps/api/ProductBrands/1" responded 404 in 31.8073 ms
2020-08-06T21:52:02.9243864-04:00 [INF] (Serilog.AspNetCore.RequestLoggingMiddleware) HTTP "GET" "/gateway/ps/ProductBrands/1" responded 307 in 0.1401 ms
2020-08-06T21:52:02.9428807-04:00 [WRN] (Ocelot.DownstreamRouteFinder.Middleware.DownstreamRouteFinderMiddleware) requestId: 0HM1QE2QDDHQU:00000002, previousRequestId: no previous request id, message: DownstreamRouteFinderMiddleware setting pipeline errors. IDownstreamRouteFinder returned Error Code: UnableToFindDownstreamRouteError Message: Failed to match Route configuration for upstream path: /gateway/ps/ProductBrands/1, verb: GET.
2020-08-06T21:52:02.9713818-04:00 [WRN] (Ocelot.Responder.Middleware.ResponderMiddleware) requestId: 0HM1QE2QDDHQU:00000002, previousRequestId: no previous request id, message: Error Code: UnableToFindDownstreamRouteError Message: Failed to match Route configuration for upstream path: /gateway/ps/ProductBrands/1, verb: GET. errors found in ResponderMiddleware. Setting error response for request path:/gateway/ps/ProductBrands/1, request method: GET
2020-08-06T21:52:02.9755592-04:00 [INF] (Serilog.AspNetCore.RequestLoggingMiddleware) HTTP "GET" "/gateway/ps/ProductBrands/1" responded 404 in 33.0932 ms
2020-08-06T21:52:27.9236070-04:00 [INF] (Serilog.AspNetCore.RequestLoggingMiddleware) HTTP "GET" "/gateway/ps/api/ProductBrands/1" responded 307 in 0.6311 ms
2020-08-06T21:52:27.9577127-04:00 [WRN] (Ocelot.DownstreamRouteFinder.Middleware.DownstreamRouteFinderMiddleware) requestId: 0HM1QE2QDDHQU:00000003, previousRequestId: no previous request id, message: DownstreamRouteFinderMiddleware setting pipeline errors. IDownstreamRouteFinder returned Error Code: UnableToFindDownstreamRouteError Message: Failed to match Route configuration for upstream path: /gateway/ps/api/ProductBrands/1, verb: GET.
2020-08-06T21:52:27.9599944-04:00 [WRN] (Ocelot.Responder.Middleware.ResponderMiddleware) requestId: 0HM1QE2QDDHQU:00000003, previousRequestId: no previous request id, message: Error Code: UnableToFindDownstreamRouteError Message: Failed to match Route configuration for upstream path: /gateway/ps/api/ProductBrands/1, verb: GET. errors found in ResponderMiddleware. Setting error response for request path:/gateway/ps/api/ProductBrands/1, request method: GET
2020-08-06T21:52:27.9624318-04:00 [INF] (Serilog.AspNetCore.RequestLoggingMiddleware) HTTP "GET" "/gateway/ps/api/ProductBrands/1" responded 404 in 6.3016 ms
2020-08-06T21:58:39.2477145-04:00 [INF] (Microsoft.Hosting.Lifetime) Application is shutting down...
